[debug] [2022-02-06T12:50:57.755Z] ----------------------------------------------------------------------
[debug] [2022-02-06T12:50:57.758Z] Command:       C:\Program Files\nodejs\node.exe C:\Users\lino\AppData\Roaming\npm\node_modules\firebase-tools\lib\bin\firebase.js init
[debug] [2022-02-06T12:50:57.759Z] CLI Version:   10.1.4
[debug] [2022-02-06T12:50:57.759Z] Platform:      win32
[debug] [2022-02-06T12:50:57.759Z] Node Version:  v16.13.2
[debug] [2022-02-06T12:50:57.760Z] Time:          Sun Feb 06 2022 13:50:57 GMT+0100 (Mitteleuropäische Normalzeit)
[debug] [2022-02-06T12:50:57.761Z] ----------------------------------------------------------------------
[debug] 
[debug] [2022-02-06T12:50:57.771Z] > command requires scopes: ["email","openid","https://www.googleapis.com/auth/cloudplatformprojects.readonly","https://www.googleapis.com/auth/firebase","https://www.googleapis.com/auth/cloud-platform"]
[debug] [2022-02-06T12:50:57.771Z] > authorizing via signed-in user (lino.bertschinger@gmail.com)
[info] 
     ######## #### ########  ######## ########     ###     ######  ########
     ##        ##  ##     ## ##       ##     ##  ##   ##  ##       ##
     ######    ##  ########  ######   ########  #########  ######  ######
     ##        ##  ##    ##  ##       ##     ## ##     ##       ## ##
     ##       #### ##     ## ######## ########  ##     ##  ######  ########

You're about to initialize a Firebase project in this directory:

  C:\Users\lino\OneDrive - Rechsteiner Consulting\Projekte\eigene Webseiten\.lino.work\Firebase

[info] 
=== Project Setup
[info] 
[info] First, let's associate this project directory with a Firebase project.
[info] You can create multiple project aliases by running firebase use --add, 
[info] but for now we'll just set up a default project.
[info] 
[debug] [2022-02-06T12:51:42.180Z] >>> [apiv2][query] GET https://firebase.googleapis.com/v1beta1/projects pageSize=100
[debug] [2022-02-06T12:51:42.788Z] <<< [apiv2][status] GET https://firebase.googleapis.com/v1beta1/projects 200
[debug] [2022-02-06T12:51:42.788Z] <<< [apiv2][body] GET https://firebase.googleapis.com/v1beta1/projects [omitted]
[info] i  Using project lino-website (Lino Website) 
[info] 
=== Hosting Setup
[info] 
[info] Your public directory is the folder (relative to your project directory) that
[info] will contain Hosting assets to be uploaded with firebase deploy. If you
[info] have a build process for your assets, use your build's output directory.
[info] 
[info] +  Wrote y/404.html 
[debug] [2022-02-06T12:52:42.532Z] >>> [apiv2][query] GET https://www.gstatic.com/firebasejs/releases.json [none]
[debug] [2022-02-06T12:52:42.788Z] <<< [apiv2][status] GET https://www.gstatic.com/firebasejs/releases.json 200
[debug] [2022-02-06T12:52:42.788Z] <<< [apiv2][body] GET https://www.gstatic.com/firebasejs/releases.json {"current":{"version":"9.6.6","browserURL":"https://www.gstatic.com/firebasejs/9.6.6/firebase.js","packageURL":"https://www.gstatic.com/firebasejs/9.6.6/firebase.tgz"},"live":{"version":"9.6","browserURL":"https://www.gstatic.com/firebasejs/live/9.6/firebase.js","packageURL":"https://www.gstatic.com/firebasejs/live/9.6/firebase.tgz"},"components":{"analytics":"https://www.gstatic.com/firebasejs/9.6.6/firebase-analytics.js","app":"https://www.gstatic.com/firebasejs/9.6.6/firebase-app.js","app-check":"https://www.gstatic.com/firebasejs/9.6.6/firebase-app-check.js","auth":"https://www.gstatic.com/firebasejs/9.6.6/firebase-auth.js","auth/cordova":"https://www.gstatic.com/firebasejs/9.6.6/firebase-auth/cordova.js","auth/react-native":"https://www.gstatic.com/firebasejs/9.6.6/firebase-auth/react-native.js","functions":"https://www.gstatic.com/firebasejs/9.6.6/firebase-functions.js","firestore":"https://www.gstatic.com/firebasejs/9.6.6/firebase-firestore.js","firestore/lite":"https://www.gstatic.com/firebasejs/9.6.6/firebase-firestore/lite.js","storage":"https://www.gstatic.com/firebasejs/9.6.6/firebase-storage.js","performance":"https://www.gstatic.com/firebasejs/9.6.6/firebase-performance.js","remote-config":"https://www.gstatic.com/firebasejs/9.6.6/firebase-remote-config.js","messaging":"https://www.gstatic.com/firebasejs/9.6.6/firebase-messaging.js","messaging/sw":"https://www.gstatic.com/firebasejs/9.6.6/firebase-messaging/sw.js","database":"https://www.gstatic.com/firebasejs/9.6.6/firebase-database.js","firestore.memory":"https://www.gstatic.com/firebasejs/9.6.6/firebase-firestore.memory.js"}}
[info] +  Wrote y/index.html 
[info] 
[info] i  Didn't detect a .git folder. Assuming C:\Users\lino\OneDrive - Rechsteiner Consulting\Projekte\eigene Webseiten\.lino.work\Firebase is the project root. 
[info] i  Authorizing with GitHub to upload your service account to a GitHub repository's secrets store. 
[info] 
[info] Visit this URL on this device to log in:
[info] https://github.com/login/oauth/authorize?client_id=89cf50f02ac6aaed3484&state=1006424075&redirect_uri=http%3A%2F%2Flocalhost%3A9005&scope=read%3Auser%20repo%20public_repo
[info] 
[info] Waiting for authentication...
[debug] [2022-02-06T12:52:56.275Z] >>> HTTP REQUEST POST https://github.com/login/oauth/access_token  
 {"client_id":"89cf50f02ac6aaed3484","client_secret":"3330d14abc895d9a74d5f17cd7a00711fa2c5bf0","code":"e790f19bfbabc0d8d13e","redirect_uri":"http://localhost:9005","state":"1006424075"}
[debug] [2022-02-06T12:52:56.786Z] <<< HTTP RESPONSE 200 {"server":"GitHub.com","date":"Sun, 06 Feb 2022 12:52:56 GMT","content-type":"application/json; charset=utf-8","transfer-encoding":"chunked","vary":"X-PJAX, X-PJAX-Container, Accept-Encoding, Accept, X-Requested-With","permissions-policy":"interest-cohort=()","etag":"W/\"773c15dcf7277f6ee7800b34f313fd27\"","cache-control":"max-age=0, private, must-revalidate","strict-transport-security":"max-age=31536000; includeSubdomains; preload","x-frame-options":"deny","x-content-type-options":"nosniff","x-xss-protection":"0","referrer-policy":"origin-when-cross-origin, strict-origin-when-cross-origin","expect-ct":"max-age=2592000, report-uri=\"https://api.github.com/_private/browser/errors\"","content-security-policy":"default-src 'none'; base-uri 'self'; block-all-mixed-content; child-src github.com/assets-cdn/worker/ gist.github.com/assets-cdn/worker/; connect-src 'self' uploads.github.com objects-origin.githubusercontent.com www.githubstatus.com collector.githubapp.com collector.github.com api.github.com github-cloud.s3.amazonaws.com github-production-repository-file-5c1aeb.s3.amazonaws.com github-production-upload-manifest-file-7fdce7.s3.amazonaws.com github-production-user-asset-6210df.s3.amazonaws.com cdn.optimizely.com logx.optimizely.com/v1/events translator.github.com wss://alive.github.com; font-src github.githubassets.com; form-action 'self' github.com gist.github.com objects-origin.githubusercontent.com; frame-ancestors 'none'; frame-src render.githubusercontent.com viewscreen.githubusercontent.com notebooks.githubusercontent.com; img-src 'self' data: github.githubassets.com identicons.github.com collector.githubapp.com collector.github.com github-cloud.s3.amazonaws.com secured-user-images.githubusercontent.com/ *.githubusercontent.com; manifest-src 'self'; media-src github.com user-images.githubusercontent.com/; script-src github.githubassets.com; style-src 'unsafe-inline' github.githubassets.com; worker-src github.com/assets-cdn/worker/ gist.github.com/assets-cdn/worker/","x-github-request-id":"E9E6:6B5D:21B81CD:23AE26F:61FFC4A8"}
[debug] [2022-02-06T12:52:56.790Z] >>> [apiv2][query] GET https://api.github.com/user [none]
[debug] [2022-02-06T12:52:57.365Z] <<< [apiv2][status] GET https://api.github.com/user 200
[debug] [2022-02-06T12:52:57.365Z] <<< [apiv2][body] GET https://api.github.com/user {"login":"surmatik","id":60299904,"node_id":"MDQ6VXNlcjYwMjk5OTA0","avatar_url":"https://avatars.githubusercontent.com/u/60299904?v=4","gravatar_id":"","url":"https://api.github.com/users/surmatik","html_url":"https://github.com/surmatik","followers_url":"https://api.github.com/users/surmatik/followers","following_url":"https://api.github.com/users/surmatik/following{/other_user}","gists_url":"https://api.github.com/users/surmatik/gists{/gist_id}","starred_url":"https://api.github.com/users/surmatik/starred{/owner}{/repo}","subscriptions_url":"https://api.github.com/users/surmatik/subscriptions","organizations_url":"https://api.github.com/users/surmatik/orgs","repos_url":"https://api.github.com/users/surmatik/repos","events_url":"https://api.github.com/users/surmatik/events{/privacy}","received_events_url":"https://api.github.com/users/surmatik/received_events","type":"User","site_admin":false,"name":"Lino","company":null,"blog":"www.lino.work","location":null,"email":null,"hireable":null,"bio":null,"twitter_username":null,"public_repos":5,"public_gists":0,"followers":0,"following":1,"created_at":"2020-01-25T19:12:11Z","updated_at":"2022-02-06T10:58:56Z","private_gists":1,"total_private_repos":0,"owned_private_repos":0,"disk_usage":762,"collaborators":0,"two_factor_authentication":false,"plan":{"name":"free","space":976562499,"collaborators":0,"private_repos":10000}}
[info] 
[info] +  Success! Logged into GitHub as surmatik 
[info] 
